Dec 05 23:30 : errno: Failed to open /home/wrongway4you/.mpd/mpd.state: No such file or directory
Dec 05 23:30 : errno: Failed to stat /home/wrongway4you/.mpd/music: No such file or directory
Dec 05 23:30 : client: [0] opened from 127.0.0.1:40668
Dec 05 23:32 : client: [1] opened from 127.0.0.1:40710
Dec 05 23:33 : client: [0] closed
Dec 05 23:35 : client: [1] closed
Dec 05 23:36 : client: [2] opened from 127.0.0.1:40718
Dec 05 23:39 : client: [2] closed
Dec 05 23:39 : client: [3] opened from 127.0.0.1:40720
Dec 05 23:42 : client: [3] closed
Dec 05 23:42 : client: [4] opened from 127.0.0.1:40804
Dec 05 23:44 : client: [4] closed
Dec 05 23:44 : client: [5] opened from 127.0.0.1:40806
Dec 05 23:44 : client: [6] opened from 127.0.0.1:40808
Dec 05 23:44 : errno: Failed to stat /home/wrongway4you/.mpd/music: No such file or directory
Dec 05 23:45 : client: [6] closed
Dec 05 23:45 : client: [7] opened from 127.0.0.1:40810
Dec 05 23:45 : client: [7] closed
Dec 05 23:45 : client: [0] opened from 127.0.0.1:40814
Dec 05 23:46 : client: [0] opened from 127.0.0.1:40816
Dec 05 23:46 : client: [1] opened from 127.0.0.1:40818
Dec 05 23:46 : ffmpeg/mov,mp4,m4a,3gp,3g2,mj2: stream 0, timescale not set
Dec 05 23:46 : ffmpeg/mjpeg: Changeing bps to 8
Dec 05 23:46 : ffmpeg/mjpeg: Changeing bps to 8
Dec 05 23:46 : update: added /monstercat_podcast_131.m4a
Dec 05 23:46 : ffmpeg/mov,mp4,m4a,3gp,3g2,mj2: stream 0, timescale not set
Dec 05 23:46 : ffmpeg/mjpeg: Changeing bps to 8
Dec 05 23:46 : ffmpeg/mjpeg: Changeing bps to 8
Dec 06 00:32 : client: [1] closed
Dec 06 00:32 : player: played "monstercat_podcast_131.m4a"
Dec 06 17:54 : client: [0] opened from 127.0.0.1:38682
Dec 06 17:54 : ffmpeg/mov,mp4,m4a,3gp,3g2,mj2: stream 0, timescale not set
Dec 06 17:54 : ffmpeg/mjpeg: Changeing bps to 8
Dec 06 17:54 : ffmpeg/mjpeg: Changeing bps to 8
Dec 06 17:56 : client: [1] opened from 127.0.0.1:38742
Dec 06 17:56 : player: played "monstercat_podcast_131.m4a"
Dec 06 17:56 : ffmpeg/mov,mp4,m4a,3gp,3g2,mj2: stream 0, timescale not set
Dec 06 17:56 : ffmpeg/mjpeg: Changeing bps to 8
Dec 06 17:56 : ffmpeg/mjpeg: Changeing bps to 8
Dec 06 18:13 : client: [0] closed
Dec 06 18:18 : client: [2] opened from 127.0.0.1:38826
Dec 06 18:25 : client: [2] closed
Dec 06 18:25 : client: [3] opened from 127.0.0.1:38836
Dec 06 18:26 : client: [3] closed
Dec 06 18:26 : client: [4] opened from 127.0.0.1:38838
Dec 06 18:28 : client: [4] closed
Dec 06 18:28 : client: [5] opened from 127.0.0.1:38844
Dec 06 18:28 : client: [5] closed
Dec 06 18:28 : client: [6] opened from 127.0.0.1:38846
Dec 06 18:29 : client: [6] closed
Dec 06 18:29 : client: [7] opened from 127.0.0.1:38848
Dec 06 18:31 : client: [7] closed
Dec 06 18:31 : client: [8] opened from 127.0.0.1:38850
Dec 06 18:31 : client: [8] closed
Dec 06 18:31 : client: [9] opened from 127.0.0.1:38852
Dec 06 18:31 : client: [9] closed
Dec 06 18:31 : client: [10] opened from 127.0.0.1:38856
Dec 06 18:31 : client: [10] closed
Dec 06 18:31 : client: [11] opened from 127.0.0.1:38858
Dec 06 18:32 : client: [11] closed
Dec 06 18:32 : client: [12] opened from 127.0.0.1:38864
Dec 06 18:32 : client: [12] closed
Dec 06 18:32 : client: [13] opened from 127.0.0.1:38866
Dec 06 18:32 : client: [13] closed
Dec 06 18:32 : client: [14] opened from 127.0.0.1:38868
Dec 06 14:55 : client: [14] closed
Dec 06 14:55 : client: [15] opened from 127.0.0.1:39086
Dec 06 14:58 : client: [15] closed
Dec 06 14:58 : client: [16] opened from 127.0.0.1:39092
Dec 06 14:59 : player: played "monstercat_podcast_131.m4a"
Dec 06 15:00 : client: [16] closed
Dec 06 15:00 : client: [17] opened from 127.0.0.1:39096
Dec 06 15:00 : client: [17] closed
Dec 06 15:00 : client: [18] opened from 127.0.0.1:39098
Dec 06 15:01 : client: [18] closed
Dec 06 15:01 : client: [19] opened from 127.0.0.1:39100
Dec 06 15:04 : ffmpeg/mov,mp4,m4a,3gp,3g2,mj2: stream 0, timescale not set
Dec 06 15:04 : ffmpeg/mjpeg: Changeing bps to 8
Dec 06 15:04 : ffmpeg/mjpeg: Changeing bps to 8
Dec 06 16:08 : client: [19] closed
Dec 06 16:08 : client: [20] opened from 127.0.0.1:39226
Dec 06 16:25 : client: [20] closed
Dec 06 16:25 : client: [21] opened from 127.0.0.1:39380
Dec 06 17:29 : ffmpeg/mov,mp4,m4a,3gp,3g2,mj2: stream 0, timescale not set
Dec 06 17:29 : ffmpeg/mjpeg: Changeing bps to 8
Dec 06 17:29 : ffmpeg/mjpeg: Changeing bps to 8
Dec 06 17:29 : update: added /monstercat_podcast_111.m4a
Dec 06 17:29 : player: played "monstercat_podcast_131.m4a"
Dec 06 17:29 : ffmpeg/mov,mp4,m4a,3gp,3g2,mj2: stream 0, timescale not set
Dec 06 17:29 : ffmpeg/mjpeg: Changeing bps to 8
Dec 06 17:29 : ffmpeg/mjpeg: Changeing bps to 8
Dec 06 17:33 : client: [21] closed
Dec 06 17:33 : client: [22] opened from 127.0.0.1:39998
Dec 06 17:34 : client: [22] closed
Dec 06 17:34 : client: [23] opened from 127.0.0.1:40000
Dec 06 17:34 : client: [23] closed
Dec 06 17:34 : client: [24] opened from 127.0.0.1:40002
Dec 06 17:34 : client: [24] closed
Dec 06 17:34 : client: [25] opened from 127.0.0.1:40004
Dec 06 17:35 : ffmpeg/mov,mp4,m4a,3gp,3g2,mj2: stream 0, timescale not set
Dec 06 17:35 : ffmpeg/mjpeg: Changeing bps to 8
Dec 06 17:35 : ffmpeg/mjpeg: Changeing bps to 8
Dec 06 17:35 : update: added /monstercat_podcast_121.m4a
Dec 06 18:32 : player: played "monstercat_podcast_111.m4a"
Dec 06 18:33 : ffmpeg/mov,mp4,m4a,3gp,3g2,mj2: stream 0, timescale not set
Dec 06 18:33 : ffmpeg/mjpeg: Changeing bps to 8
Dec 06 18:33 : ffmpeg/mjpeg: Changeing bps to 8
Dec 06 18:34 : player: played "monstercat_podcast_111.m4a"
Dec 06 18:34 : ffmpeg/mov,mp4,m4a,3gp,3g2,mj2: stream 0, timescale not set
Dec 06 18:34 : ffmpeg/mjpeg: Changeing bps to 8
Dec 06 18:34 : ffmpeg/mjpeg: Changeing bps to 8
Dec 06 19:36 : player: played "monstercat_podcast_121.m4a"
Dec 06 19:37 : ffmpeg/mov,mp4,m4a,3gp,3g2,mj2: stream 0, timescale not set
Dec 06 19:37 : ffmpeg/mjpeg: Changeing bps to 8
Dec 06 19:37 : ffmpeg/mjpeg: Changeing bps to 8
Dec 06 22:54 : client: [1] closed
Dec 06 22:55 : client: [25] closed
Dec 06 22:55 : player: played "monstercat_podcast_111.m4a"
Dec 07 16:01 : ffmpeg/mov,mp4,m4a,3gp,3g2,mj2: stream 0, timescale not set
Dec 07 16:01 : ffmpeg/mjpeg: Changeing bps to 8
Dec 07 16:01 : ffmpeg/mjpeg: Changeing bps to 8
Dec 07 16:01 : client: [0] opened from 127.0.0.1:58646
Dec 07 16:01 : client: [1] opened from 127.0.0.1:58648
Dec 07 16:01 : player: played "monstercat_podcast_111.m4a"
Dec 07 16:01 : ffmpeg/mov,mp4,m4a,3gp,3g2,mj2: stream 0, timescale not set
Dec 07 16:01 : ffmpeg/mjpeg: Changeing bps to 8
Dec 07 16:01 : ffmpeg/mjpeg: Changeing bps to 8
Dec 07 16:01 : player: played "monstercat_podcast_131.m4a"
Dec 07 16:01 : ffmpeg/mov,mp4,m4a,3gp,3g2,mj2: stream 0, timescale not set
Dec 07 16:01 : ffmpeg/mjpeg: Changeing bps to 8
Dec 07 16:01 : ffmpeg/mjpeg: Changeing bps to 8
Dec 07 16:13 : client: [2] opened from 127.0.0.1:58916
Dec 07 16:14 : client: [1] closed
Dec 07 16:15 : client: [2] closed
Dec 07 16:15 : client: [3] opened from 127.0.0.1:58928
Dec 07 16:17 : client: [3] closed
Dec 07 16:17 : client: [0] closed
Dec 07 16:18 : client: [4] opened from 127.0.0.1:58932
Dec 07 16:28 : client: [4] closed
Dec 07 16:28 : client: [5] opened from 127.0.0.1:58934
Dec 07 16:30 : client: [5] closed
Dec 07 16:30 : client: [6] opened from 127.0.0.1:58936
Dec 07 16:44 : client: [6] closed
Dec 07 16:44 : client: [7] opened from 127.0.0.1:59100
Dec 07 20:12 : client: [7] closed
Dec 07 20:12 : client: [8] opened from 127.0.0.1:33796
Dec 07 20:13 : ffmpeg/mov,mp4,m4a,3gp,3g2,mj2: stream 0, timescale not set
Dec 07 20:13 : ffmpeg/mjpeg: Changeing bps to 8
Dec 07 20:13 : ffmpeg/mjpeg: Changeing bps to 8
Dec 07 20:13 : player: played "monstercat_podcast_111.m4a"
Dec 07 20:13 : client: [8] closed
Dec 07 20:13 : client: [9] opened from 127.0.0.1:33800
Dec 07 20:14 : client: [9] closed
Dec 07 20:14 : client: [10] opened from 127.0.0.1:33802
Dec 07 20:15 : client: [10] closed
Dec 07 20:15 : client: [11] opened from 127.0.0.1:33804
Dec 07 20:21 : client: [11] closed
Dec 07 20:21 : client: [12] opened from 127.0.0.1:33806
Dec 07 20:23 : client: [12] closed
Dec 07 20:23 : client: [13] opened from 127.0.0.1:33808
Dec 07 20:23 : client: [13] closed
Dec 07 20:24 : client: [14] opened from 127.0.0.1:33812
Dec 07 20:26 : client: [14] closed
Dec 07 20:26 : client: [15] opened from 127.0.0.1:33814
Dec 07 20:27 : client: [16] opened from 127.0.0.1:33816
Dec 07 20:27 : ffmpeg/mov,mp4,m4a,3gp,3g2,mj2: stream 0, timescale not set
Dec 07 20:27 : ffmpeg/mjpeg: Changeing bps to 8
Dec 07 20:27 : ffmpeg/mjpeg: Changeing bps to 8
Dec 07 20:27 : update: added /monstercat_podcast_100.m4a
Dec 07 20:27 : player: played "monstercat_podcast_111.m4a"
Dec 07 20:27 : ffmpeg/mov,mp4,m4a,3gp,3g2,mj2: stream 0, timescale not set
Dec 07 20:27 : ffmpeg/mjpeg: Changeing bps to 8
Dec 07 20:27 : ffmpeg/mjpeg: Changeing bps to 8
Dec 07 21:05 : client: [17] opened from 127.0.0.1:34278
Dec 07 21:06 : client: [15] closed
Dec 07 21:31 : client: [16] closed
Dec 08 16:19 : ffmpeg/mov,mp4,m4a,3gp,3g2,mj2: stream 0, timescale not set
Dec 08 16:19 : ffmpeg/mjpeg: Changeing bps to 8
Dec 08 16:19 : ffmpeg/mjpeg: Changeing bps to 8
Dec 08 16:19 : client: [0] opened from 127.0.0.1:44184
Dec 08 16:19 : client: [1] opened from 127.0.0.1:44186
Dec 08 19:58 : player: played "monstercat_podcast_100.m4a"
Dec 08 19:58 : ffmpeg/mov,mp4,m4a,3gp,3g2,mj2: stream 0, timescale not set
Dec 08 19:58 : ffmpeg/mjpeg: Changeing bps to 8
Dec 08 19:58 : ffmpeg/mjpeg: Changeing bps to 8
Dec 08 21:32 : client: [1] closed
Dec 09 00:23 : player: played "monstercat_podcast_100.m4a"
Dec 09 14:11 : client: [0] opened from 127.0.0.1:41074
Dec 09 14:11 : ffmpeg/mov,mp4,m4a,3gp,3g2,mj2: stream 0, timescale not set
Dec 09 14:11 : ffmpeg/mjpeg: Changeing bps to 8
Dec 09 14:11 : ffmpeg/mjpeg: Changeing bps to 8
Dec 09 14:11 : client: [1] opened from 127.0.0.1:41076
Dec 09 14:13 : player: played "monstercat_podcast_100.m4a"
Dec 09 14:13 : ffmpeg/mov,mp4,m4a,3gp,3g2,mj2: stream 0, timescale not set
Dec 09 14:13 : ffmpeg/mjpeg: Changeing bps to 8
Dec 09 14:13 : ffmpeg/mjpeg: Changeing bps to 8
Dec 09 15:38 : ffmpeg/mov,mp4,m4a,3gp,3g2,mj2: stream 0, timescale not set
Dec 09 15:38 : ffmpeg/mjpeg: Changeing bps to 8
Dec 09 15:38 : ffmpeg/mjpeg: Changeing bps to 8
Dec 09 15:38 : update: added /monstercat_podcast_101.m4a
Dec 09 15:38 : update: added /17- Imagine Dragons - Shots.mp3
Dec 09 15:38 : update: added /Imagine_Dragons_-_I_Bet_My_Life.mp3
Dec 09 15:40 : update: added /tumblr_m8vat9arSn1rd45n3o1.mp3
Dec 09 15:40 : player: played "monstercat_podcast_100.m4a"
Dec 09 15:44 : player: played "17- Imagine Dragons - Shots.mp3"
Dec 09 15:44 : player: played "17- Imagine Dragons - Shots.mp3"
Dec 09 15:47 : ffmpeg/mov,mp4,m4a,3gp,3g2,mj2: stream 0, timescale not set
Dec 09 15:47 : ffmpeg/mjpeg: Changeing bps to 8
Dec 09 15:47 : ffmpeg/mjpeg: Changeing bps to 8
Dec 09 15:48 : player: played "Imagine_Dragons_-_I_Bet_My_Life.mp3"
Dec 09 19:17 : client: [2] opened from 127.0.0.1:43588
Dec 09 19:18 : client: [0] closed
Dec 09 19:53 : ffmpeg/mov,mp4,m4a,3gp,3g2,mj2: stream 0, timescale not set
Dec 09 19:53 : ffmpeg/mjpeg: Changeing bps to 8
Dec 09 19:53 : ffmpeg/mjpeg: Changeing bps to 8
Dec 09 19:54 : player: played "monstercat_podcast_100.m4a"
Dec 09 21:39 : client: [1] closed
Dec 09 21:39 : client: [2] closed
Dec 10 13:49 : client: [0] opened from 127.0.0.1:60400
Dec 10 13:49 : ffmpeg/mov,mp4,m4a,3gp,3g2,mj2: stream 0, timescale not set
Dec 10 13:49 : ffmpeg/mjpeg: Changeing bps to 8
Dec 10 13:49 : ffmpeg/mjpeg: Changeing bps to 8
Dec 10 13:49 : client: [1] opened from 127.0.0.1:60402
Dec 10 14:08 : ffmpeg/mov,mp4,m4a,3gp,3g2,mj2: stream 0, timescale not set
Dec 10 14:08 : ffmpeg/mjpeg: Changeing bps to 8
Dec 10 14:08 : ffmpeg/mjpeg: Changeing bps to 8
Dec 10 14:08 : player: played "monstercat_podcast_101.m4a"
Dec 10 14:27 : player: played "monstercat_podcast_111.m4a"
Dec 10 14:27 : ffmpeg/mov,mp4,m4a,3gp,3g2,mj2: stream 0, timescale not set
Dec 10 14:27 : ffmpeg/mjpeg: Changeing bps to 8
Dec 10 14:27 : ffmpeg/mjpeg: Changeing bps to 8
Dec 10 14:56 : ffmpeg/mov,mp4,m4a,3gp,3g2,mj2: stream 0, timescale not set
Dec 10 14:56 : ffmpeg/mjpeg: Changeing bps to 8
Dec 10 14:56 : ffmpeg/mjpeg: Changeing bps to 8
Dec 10 14:56 : update: added /monstercat_podcast_114.m4a
Dec 10 14:56 : player: played "monstercat_podcast_121.m4a"
Dec 10 14:56 : ffmpeg/mov,mp4,m4a,3gp,3g2,mj2: stream 0, timescale not set
Dec 10 14:56 : ffmpeg/mjpeg: Changeing bps to 8
Dec 10 14:56 : ffmpeg/mjpeg: Changeing bps to 8
Dec 10 19:33 : player: played "monstercat_podcast_114.m4a"
Dec 10 19:33 : ffmpeg/mov,mp4,m4a,3gp,3g2,mj2: stream 0, timescale not set
Dec 10 19:33 : ffmpeg/mjpeg: Changeing bps to 8
Dec 10 19:33 : ffmpeg/mjpeg: Changeing bps to 8
Dec 10 21:25 : client: [1] closed
Dec 11 08:36 : client: [0] opened from 127.0.0.1:35788
Dec 11 08:36 : ffmpeg/mov,mp4,m4a,3gp,3g2,mj2: stream 0, timescale not set
Dec 11 08:36 : ffmpeg/mjpeg: Changeing bps to 8
Dec 11 08:36 : ffmpeg/mjpeg: Changeing bps to 8
Dec 11 08:37 : client: [1] opened from 127.0.0.1:35792
Dec 11 08:57 : player: played "monstercat_podcast_114.m4a"
Dec 11 08:57 : ffmpeg/mov,mp4,m4a,3gp,3g2,mj2: stream 0, timescale not set
Dec 11 08:57 : ffmpeg/mjpeg: Changeing bps to 8
Dec 11 08:57 : ffmpeg/mjpeg: Changeing bps to 8
Dec 11 08:57 : player: played "monstercat_podcast_100.m4a"
Dec 11 09:01 : player: played "Imagine_Dragons_-_I_Bet_My_Life.mp3"
Dec 11 09:04 : player: played "17- Imagine Dragons - Shots.mp3"
Dec 11 09:07 : update: added /imagine_dragons__radioactive.mp3
Dec 11 09:07 : player: played "tumblr_m8vat9arSn1rd45n3o1.mp3"
Dec 11 09:10 : player: played "imagine_dragons__radioactive.mp3"
Dec 11 09:14 : player: played "Imagine_Dragons_-_I_Bet_My_Life.mp3"
Dec 11 09:18 : player: played "17- Imagine Dragons - Shots.mp3"
Dec 11 09:21 : ffmpeg/mov,mp4,m4a,3gp,3g2,mj2: stream 0, timescale not set
Dec 11 09:21 : ffmpeg/mjpeg: Changeing bps to 8
Dec 11 09:21 : ffmpeg/mjpeg: Changeing bps to 8
Dec 11 09:22 : player: played "tumblr_m8vat9arSn1rd45n3o1.mp3"
Dec 11 12:04 : ffmpeg/mov,mp4,m4a,3gp,3g2,mj2: stream 0, timescale not set
Dec 11 12:04 : ffmpeg/mjpeg: Changeing bps to 8
Dec 11 12:04 : ffmpeg/mjpeg: Changeing bps to 8
Dec 11 12:04 : player: played "monstercat_podcast_100.m4a"
Dec 11 13:41 : ffmpeg/mov,mp4,m4a,3gp,3g2,mj2: stream 0, timescale not set
Dec 11 13:41 : ffmpeg/mjpeg: Changeing bps to 8
Dec 11 13:41 : ffmpeg/mjpeg: Changeing bps to 8
Dec 11 13:42 : player: played "monstercat_podcast_101.m4a"
Dec 11 14:16 : client: [2] opened from 127.0.0.1:39126
Dec 11 14:17 : client: [0] closed
Dec 11 14:45 : ffmpeg/mov,mp4,m4a,3gp,3g2,mj2: stream 0, timescale not set
Dec 11 14:45 : ffmpeg/mjpeg: Changeing bps to 8
Dec 11 14:45 : ffmpeg/mjpeg: Changeing bps to 8
Dec 11 14:45 : player: played "monstercat_podcast_111.m4a"
Dec 11 15:51 : ffmpeg/mov,mp4,m4a,3gp,3g2,mj2: stream 0, timescale not set
Dec 11 15:51 : ffmpeg/mjpeg: Changeing bps to 8
Dec 11 15:51 : ffmpeg/mjpeg: Changeing bps to 8
Dec 11 15:51 : player: played "monstercat_podcast_114.m4a"
Dec 11 16:54 : ffmpeg/mov,mp4,m4a,3gp,3g2,mj2: stream 0, timescale not set
Dec 11 16:54 : ffmpeg/mjpeg: Changeing bps to 8
Dec 11 16:54 : ffmpeg/mjpeg: Changeing bps to 8
Dec 11 16:54 : player: played "monstercat_podcast_121.m4a"
Dec 11 18:22 : client: [2] closed
Dec 11 18:22 : client: [3] opened from 127.0.0.1:41672
Dec 11 19:02 : player: played "monstercat_podcast_131.m4a"
Dec 11 19:20 : player: played "imagine_dragons__radioactive.mp3"
Dec 11 19:24 : player: played "Imagine_Dragons_-_I_Bet_My_Life.mp3"
Dec 11 19:28 : player: played "17- Imagine Dragons - Shots.mp3"
Dec 11 19:28 : player: played "tumblr_m8vat9arSn1rd45n3o1.mp3"
Dec 11 19:28 : client: [1] closed
Dec 11 19:28 : client: [4] opened from 127.0.0.1:41912
Dec 11 19:29 : client: [4] closed
Dec 11 19:29 : client: [5] opened from 127.0.0.1:41914
Dec 11 19:32 : player: played "Imagine_Dragons_-_I_Bet_My_Life.mp3"
Dec 11 19:36 : player: played "17- Imagine Dragons - Shots.mp3"
Dec 11 19:40 : ffmpeg/mov,mp4,m4a,3gp,3g2,mj2: stream 0, timescale not set
Dec 11 19:40 : ffmpeg/mjpeg: Changeing bps to 8
Dec 11 19:40 : ffmpeg/mjpeg: Changeing bps to 8
Dec 11 19:40 : player: played "tumblr_m8vat9arSn1rd45n3o1.mp3"
Dec 11 21:26 : player: played "monstercat_podcast_100.m4a"
Dec 11 21:29 : player: played "Imagine_Dragons_-_I_Bet_My_Life.mp3"
Dec 11 21:31 : player: played "17- Imagine Dragons - Shots.mp3"
Dec 11 21:35 : player: played "Imagine_Dragons_-_I_Bet_My_Life.mp3"
Dec 11 21:36 : player: played "17- Imagine Dragons - Shots.mp3"
Dec 11 21:39 : player: played "Imagine_Dragons_-_I_Bet_My_Life.mp3"
Dec 11 21:43 : player: played "17- Imagine Dragons - Shots.mp3"
Dec 11 21:48 : client: [6] opened from 127.0.0.1:43026
Dec 11 21:48 : client: [6] closed
Dec 11 21:48 : client: [7] opened from 127.0.0.1:43028
Dec 11 21:49 : client: [3] closed
Dec 11 22:03 : client: [5] closed
Dec 11 22:03 : client: [7] closed
Dec 11 22:03 : client: [8] opened from 127.0.0.1:43038
Dec 11 22:03 : client: [9] opened from 127.0.0.1:43040
Dec 11 22:03 : player: played "tumblr_m8vat9arSn1rd45n3o1.mp3"
Dec 11 22:07 : player: played "Imagine_Dragons_-_I_Bet_My_Life.mp3"
Dec 11 22:11 : player: played "17- Imagine Dragons - Shots.mp3"
Dec 11 22:14 : ffmpeg/mov,mp4,m4a,3gp,3g2,mj2: stream 0, timescale not set
Dec 11 22:14 : ffmpeg/mjpeg: Changeing bps to 8
Dec 11 22:14 : ffmpeg/mjpeg: Changeing bps to 8
Dec 11 22:14 : player: played "tumblr_m8vat9arSn1rd45n3o1.mp3"
Dec 11 22:15 : player: played "monstercat_podcast_100.m4a"
Dec 11 22:18 : player: played "Imagine_Dragons_-_I_Bet_My_Life.mp3"
Dec 11 22:22 : player: played "17- Imagine Dragons - Shots.mp3"
Dec 11 22:26 : ffmpeg/mov,mp4,m4a,3gp,3g2,mj2: stream 0, timescale not set
Dec 11 22:26 : ffmpeg/mjpeg: Changeing bps to 8
Dec 11 22:26 : ffmpeg/mjpeg: Changeing bps to 8
Dec 11 22:26 : player: played "tumblr_m8vat9arSn1rd45n3o1.mp3"
Dec 11 22:26 : player: played "monstercat_podcast_100.m4a"
Dec 11 22:29 : player: played "Imagine_Dragons_-_I_Bet_My_Life.mp3"
Dec 11 22:33 : player: played "17- Imagine Dragons - Shots.mp3"
Dec 11 23:48 : client: [9] closed
Dec 11 23:48 : client: [8] closed
Dec 12 15:39 : client: [0] opened from 127.0.0.1:37734
Dec 12 15:39 : client: [1] opened from 127.0.0.1:37736
Dec 12 15:39 : player: played "tumblr_m8vat9arSn1rd45n3o1.mp3"
Dec 12 15:39 : player: played "tumblr_m8vat9arSn1rd45n3o1.mp3"
Dec 12 15:42 : player: played "Imagine_Dragons_-_I_Bet_My_Life.mp3"
Dec 12 15:46 : player: played "17- Imagine Dragons - Shots.mp3"
Dec 12 15:46 : player: played "tumblr_m8vat9arSn1rd45n3o1.mp3"
Dec 12 15:49 : player: played "Imagine_Dragons_-_I_Bet_My_Life.mp3"
Dec 12 15:53 : player: played "17- Imagine Dragons - Shots.mp3"
Dec 12 19:03 : player: played "tumblr_m8vat9arSn1rd45n3o1.mp3"
Dec 12 19:06 : player: played "Imagine_Dragons_-_I_Bet_My_Life.mp3"
Dec 12 19:14 : player: played "17- Imagine Dragons - Shots.mp3"
Dec 12 19:18 : ffmpeg/mov,mp4,m4a,3gp,3g2,mj2: stream 0, timescale not set
Dec 12 19:18 : ffmpeg/mjpeg: Changeing bps to 8
Dec 12 19:18 : ffmpeg/mjpeg: Changeing bps to 8
Dec 12 19:18 : player: played "tumblr_m8vat9arSn1rd45n3o1.mp3"
Dec 12 20:48 : ffmpeg/mov,mp4,m4a,3gp,3g2,mj2: stream 0, timescale not set
Dec 12 20:48 : ffmpeg/mjpeg: Changeing bps to 8
Dec 12 20:48 : ffmpeg/mjpeg: Changeing bps to 8
Dec 12 20:48 : update: added /monstercat_podcast_109.m4a
Dec 12 20:48 : ffmpeg/mov,mp4,m4a,3gp,3g2,mj2: stream 0, timescale not set
Dec 12 20:48 : ffmpeg/mjpeg: Changeing bps to 8
Dec 12 20:48 : update: added /monstercat_podcast_110.m4a
Dec 12 20:48 : ffmpeg/mov,mp4,m4a,3gp,3g2,mj2: stream 0, timescale not set
Dec 12 20:48 : ffmpeg/mjpeg: Changeing bps to 8
Dec 12 20:48 : ffmpeg/mjpeg: Changeing bps to 8
Dec 12 20:48 : update: added /monstercat_podcast_108.m4a
Dec 12 20:48 : player: played "monstercat_podcast_100.m4a"
Dec 12 20:48 : ffmpeg/mov,mp4,m4a,3gp,3g2,mj2: stream 0, timescale not set
Dec 12 20:48 : ffmpeg/mjpeg: Changeing bps to 8
Dec 12 20:48 : ffmpeg/mjpeg: Changeing bps to 8
Dec 12 20:48 : player: played "monstercat_podcast_108.m4a"
Dec 12 20:48 : ffmpeg/mov,mp4,m4a,3gp,3g2,mj2: stream 0, timescale not set
Dec 12 20:48 : ffmpeg/mjpeg: Changeing bps to 8
Dec 12 20:48 : ffmpeg/mjpeg: Changeing bps to 8
Dec 12 20:48 : player: played "monstercat_podcast_109.m4a"
Dec 12 20:48 : ffmpeg/mov,mp4,m4a,3gp,3g2,mj2: stream 0, timescale not set
Dec 12 20:48 : ffmpeg/mjpeg: Changeing bps to 8
Dec 12 20:48 : player: played "monstercat_podcast_110.m4a"
Dec 12 20:48 : ffmpeg/mov,mp4,m4a,3gp,3g2,mj2: stream 0, timescale not set
Dec 12 20:48 : ffmpeg/mjpeg: Changeing bps to 8
Dec 12 20:48 : ffmpeg/mjpeg: Changeing bps to 8
Dec 12 20:48 : player: played "monstercat_podcast_111.m4a"
Dec 12 20:48 : ffmpeg/mov,mp4,m4a,3gp,3g2,mj2: stream 0, timescale not set
Dec 12 20:48 : ffmpeg/mjpeg: Changeing bps to 8
Dec 12 20:48 : ffmpeg/mjpeg: Changeing bps to 8
Dec 12 21:06 : update: updating /monstercat_podcast_101.m4a
Dec 12 21:06 : ffmpeg/mov,mp4,m4a,3gp,3g2,mj2: stream 0, timescale not set
Dec 12 21:06 : ffmpeg/mjpeg: Changeing bps to 8
Dec 12 21:06 : ffmpeg/mjpeg: Changeing bps to 8
Dec 12 21:07 : player: played "monstercat_podcast_114.m4a"
Dec 12 21:07 : ffmpeg/mov,mp4,m4a,3gp,3g2,mj2: stream 0, timescale not set
Dec 12 21:07 : ffmpeg/mjpeg: Changeing bps to 8
Dec 12 21:07 : ffmpeg/mjpeg: Changeing bps to 8
Dec 12 23:34 : client: [1] closed
Dec 12 23:34 : player: played "monstercat_podcast_100.m4a"
Dec 13 14:49 : ffmpeg/mov,mp4,m4a,3gp,3g2,mj2: stream 0, timescale not set
Dec 13 14:49 : ffmpeg/mjpeg: Changeing bps to 8
Dec 13 14:49 : ffmpeg/mjpeg: Changeing bps to 8
Dec 13 14:49 : client: [0] opened from 127.0.0.1:56612
Dec 13 15:13 : client: [1] opened from 127.0.0.1:56908
Dec 13 16:10 : ffmpeg/mov,mp4,m4a,3gp,3g2,mj2: stream 0, timescale not set
Dec 13 16:10 : ffmpeg/mjpeg: Changeing bps to 8
Dec 13 16:10 : ffmpeg/mjpeg: Changeing bps to 8
Dec 13 16:10 : player: played "monstercat_podcast_100.m4a"
Dec 13 16:10 : player: played "monstercat_podcast_100.m4a"
Dec 13 16:14 : player: played "Imagine_Dragons_-_I_Bet_My_Life.mp3"
Dec 13 16:17 : player: played "Imagine_Dragons_-_I_Bet_My_Life.mp3"
Dec 13 16:17 : player: played "17- Imagine Dragons - Shots.mp3"
Dec 13 16:21 : player: played "17- Imagine Dragons - Shots.mp3"
Dec 13 16:21 : client: [1] closed
Dec 13 16:21 : client: [2] opened from 127.0.0.1:57154
Dec 13 16:21 : player: played "tumblr_m8vat9arSn1rd45n3o1.mp3"
Dec 13 16:25 : player: played "Imagine_Dragons_-_I_Bet_My_Life.mp3"
Dec 13 16:29 : player: played "tumblr_m8vat9arSn1rd45n3o1.mp3"
Dec 13 16:32 : ffmpeg/mov,mp4,m4a,3gp,3g2,mj2: stream 0, timescale not set
Dec 13 16:32 : ffmpeg/mjpeg: Changeing bps to 8
Dec 13 16:32 : ffmpeg/mjpeg: Changeing bps to 8
Dec 13 16:33 : player: played "17- Imagine Dragons - Shots.mp3"
Dec 13 16:34 : player: played "monstercat_podcast_100.m4a"
Dec 13 16:34 : ffmpeg/mov,mp4,m4a,3gp,3g2,mj2: stream 0, timescale not set
Dec 13 16:34 : ffmpeg/mjpeg: Changeing bps to 8
Dec 13 16:34 : ffmpeg/mjpeg: Changeing bps to 8
Dec 13 18:00 : ffmpeg/mov,mp4,m4a,3gp,3g2,mj2: stream 0, timescale not set
Dec 13 18:00 : ffmpeg/mjpeg: Changeing bps to 8
Dec 13 18:00 : ffmpeg/mjpeg: Changeing bps to 8
Dec 13 18:00 : player: played "monstercat_podcast_114.m4a"
Dec 13 18:52 : player: played "monstercat_podcast_121.m4a"
Dec 13 18:55 : player: played "Imagine_Dragons_-_I_Bet_My_Life.mp3"
Dec 13 18:59 : player: played "tumblr_m8vat9arSn1rd45n3o1.mp3"
Dec 13 19:03 : ffmpeg/mov,mp4,m4a,3gp,3g2,mj2: stream 0, timescale not set
Dec 13 19:03 : ffmpeg/mjpeg: Changeing bps to 8
Dec 13 19:03 : ffmpeg/mjpeg: Changeing bps to 8
Dec 13 19:03 : player: played "17- Imagine Dragons - Shots.mp3"
Dec 13 21:34 : client: [2] closed
Dec 13 21:34 : player: played "monstercat_podcast_100.m4a"
Dec 14 16:21 : ffmpeg/mov,mp4,m4a,3gp,3g2,mj2: stream 0, timescale not set
Dec 14 16:21 : ffmpeg/mjpeg: Changeing bps to 8
Dec 14 16:21 : ffmpeg/mjpeg: Changeing bps to 8
Dec 14 16:21 : client: [0] opened from 127.0.0.1:39830
Dec 14 16:21 : client: [1] opened from 127.0.0.1:39832
Dec 14 16:21 : player: played "monstercat_podcast_100.m4a"
Dec 14 16:38 : player: played "Imagine_Dragons_-_I_Bet_My_Life.mp3"
Dec 14 16:41 : player: played "tumblr_m8vat9arSn1rd45n3o1.mp3"
Dec 14 16:45 : ffmpeg/mov,mp4,m4a,3gp,3g2,mj2: stream 0, timescale not set
Dec 14 16:45 : ffmpeg/mjpeg: Changeing bps to 8
Dec 14 16:45 : ffmpeg/mjpeg: Changeing bps to 8
Dec 14 16:45 : player: played "17- Imagine Dragons - Shots.mp3"
Dec 14 17:58 : player: played "monstercat_podcast_100.m4a"
Dec 14 18:01 : player: played "Imagine_Dragons_-_I_Bet_My_Life.mp3"
Dec 14 18:05 : player: played "tumblr_m8vat9arSn1rd45n3o1.mp3"
Dec 14 18:08 : ffmpeg/mov,mp4,m4a,3gp,3g2,mj2: stream 0, timescale not set
Dec 14 18:08 : ffmpeg/mjpeg: Changeing bps to 8
Dec 14 18:08 : ffmpeg/mjpeg: Changeing bps to 8
Dec 14 18:09 : player: played "imagine_dragons__radioactive.mp3"
Dec 14 18:57 : player: played "monstercat_podcast_100.m4a"
Dec 14 19:03 : player: played "Imagine_Dragons_-_I_Bet_My_Life.mp3"
Dec 14 19:07 : player: played "17- Imagine Dragons - Shots.mp3"
Dec 14 19:11 : player: played "tumblr_m8vat9arSn1rd45n3o1.mp3"
Dec 14 19:14 : ffmpeg/mov,mp4,m4a,3gp,3g2,mj2: stream 0, timescale not set
Dec 14 19:14 : ffmpeg/mjpeg: Changeing bps to 8
Dec 14 19:14 : ffmpeg/mjpeg: Changeing bps to 8
Dec 14 19:14 : player: played "imagine_dragons__radioactive.mp3"
Dec 14 19:14 : player: played "monstercat_podcast_100.m4a"
Dec 14 19:17 : player: played "Imagine_Dragons_-_I_Bet_My_Life.mp3"
Dec 14 19:21 : player: played "17- Imagine Dragons - Shots.mp3"
Dec 14 19:25 : player: played "tumblr_m8vat9arSn1rd45n3o1.mp3"
Dec 14 19:28 : ffmpeg/mov,mp4,m4a,3gp,3g2,mj2: stream 0, timescale not set
Dec 14 19:28 : ffmpeg/mjpeg: Changeing bps to 8
Dec 14 19:28 : ffmpeg/mjpeg: Changeing bps to 8
Dec 14 19:28 : player: played "imagine_dragons__radioactive.mp3"
Dec 14 19:34 : player: played "monstercat_podcast_100.m4a"
Dec 14 19:34 : ffmpeg/mov,mp4,m4a,3gp,3g2,mj2: stream 0, timescale not set
Dec 14 19:34 : ffmpeg/mjpeg: Changeing bps to 8
Dec 14 19:34 : ffmpeg/mjpeg: Changeing bps to 8
Dec 14 20:13 : ffmpeg/aac: Input buffer exhausted before END element found
Dec 14 20:13 : ffmpeg: decoding failed, frame skipped
Dec 14 20:13 : ffmpeg/mov,mp4,m4a,3gp,3g2,mj2: stream 2, offset 0x1173f48: partial file
Dec 14 20:13 : ffmpeg/mov,mp4,m4a,3gp,3g2,mj2: stream 0, timescale not set
Dec 14 20:13 : ffmpeg/mjpeg: Changeing bps to 8
Dec 14 20:13 : ffmpeg/mjpeg: Changeing bps to 8
Dec 14 20:13 : player: played "monstercat_podcast_101.m4a"
Dec 14 20:13 : player: played "monstercat_podcast_108.m4a"
Dec 14 20:13 : ffmpeg/mov,mp4,m4a,3gp,3g2,mj2: stream 0, timescale not set
Dec 14 20:13 : ffmpeg/mjpeg: Changeing bps to 8
Dec 14 20:13 : ffmpeg/mjpeg: Changeing bps to 8
Dec 14 20:14 : player: played "monstercat_podcast_101.m4a"
Dec 14 20:14 : ffmpeg/mov,mp4,m4a,3gp,3g2,mj2: stream 0, timescale not set
Dec 14 20:14 : ffmpeg/mjpeg: Changeing bps to 8
Dec 14 20:14 : ffmpeg/mjpeg: Changeing bps to 8
Dec 14 20:14 : player: played "monstercat_podcast_108.m4a"
Dec 14 20:14 : ffmpeg/mov,mp4,m4a,3gp,3g2,mj2: stream 0, timescale not set
Dec 14 20:14 : ffmpeg/mjpeg: Changeing bps to 8
Dec 14 20:14 : ffmpeg/mjpeg: Changeing bps to 8
Dec 14 20:14 : player: played "monstercat_podcast_101.m4a"
Dec 14 20:14 : ffmpeg/mov,mp4,m4a,3gp,3g2,mj2: stream 0, timescale not set
Dec 14 20:14 : ffmpeg/mjpeg: Changeing bps to 8
Dec 14 20:14 : ffmpeg/mjpeg: Changeing bps to 8
Dec 14 20:14 : update: removing monstercat_podcast_101.m4a
Dec 14 21:16 : ffmpeg/mov,mp4,m4a,3gp,3g2,mj2: stream 0, timescale not set
Dec 14 21:16 : ffmpeg/mjpeg: Changeing bps to 8
Dec 14 21:16 : ffmpeg/mjpeg: Changeing bps to 8
Dec 14 21:16 : player: played "monstercat_podcast_108.m4a"
Dec 14 21:34 : player: played "monstercat_podcast_109.m4a"
Dec 14 21:34 : ffmpeg/mov,mp4,m4a,3gp,3g2,mj2: stream 0, timescale not set
Dec 14 21:34 : ffmpeg/mjpeg: Changeing bps to 8
Dec 14 21:34 : ffmpeg/mjpeg: Changeing bps to 8
Dec 14 22:12 : client: [0] closed
Dec 14 22:12 : player: played "monstercat_podcast_114.m4a"
Dec 15 16:08 : ffmpeg/mov,mp4,m4a,3gp,3g2,mj2: stream 0, timescale not set
Dec 15 16:08 : ffmpeg/mjpeg: Changeing bps to 8
Dec 15 16:08 : ffmpeg/mjpeg: Changeing bps to 8
Dec 15 16:08 : client: [0] opened from 127.0.0.1:59482
Dec 15 16:08 : client: [1] opened from 127.0.0.1:59506
Dec 15 16:08 : client: [1] closed
Dec 15 16:08 : client: [2] opened from 127.0.0.1:59508
Dec 15 16:09 : client: [0] closed
Dec 15 16:18 : client: [3] opened from 127.0.0.1:59572
Dec 15 16:18 : player: played "monstercat_podcast_114.m4a"
Dec 15 16:21 : player: played "Imagine_Dragons_-_I_Bet_My_Life.mp3"
Dec 15 16:25 : player: played "17- Imagine Dragons - Shots.mp3"
Dec 15 16:29 : player: played "tumblr_m8vat9arSn1rd45n3o1.mp3"
Dec 15 16:32 : ffmpeg/mov,mp4,m4a,3gp,3g2,mj2: stream 0, timescale not set
Dec 15 16:32 : ffmpeg/mjpeg: Changeing bps to 8
Dec 15 16:32 : ffmpeg/mjpeg: Changeing bps to 8
Dec 15 16:32 : player: played "imagine_dragons__radioactive.mp3"
Dec 15 22:56 : ffmpeg/mov,mp4,m4a,3gp,3g2,mj2: stream 0, timescale not set
Dec 15 22:56 : ffmpeg/mjpeg: Changeing bps to 8
Dec 15 22:56 : ffmpeg/mjpeg: Changeing bps to 8
Dec 15 22:56 : player: played "monstercat_podcast_100.m4a"
Dec 16 00:11 : ffmpeg/mov,mp4,m4a,3gp,3g2,mj2: stream 0, timescale not set
Dec 16 00:11 : ffmpeg/mjpeg: Changeing bps to 8
Dec 16 00:11 : ffmpeg/mjpeg: Changeing bps to 8
Dec 16 00:11 : player: played "monstercat_podcast_108.m4a"
Dec 16 00:13 : client: [3] closed
Dec 16 00:14 : client: [2] closed
Dec 16 14:36 : ffmpeg/mov,mp4,m4a,3gp,3g2,mj2: stream 0, timescale not set
Dec 16 14:36 : ffmpeg/mjpeg: Changeing bps to 8
Dec 16 14:36 : ffmpeg/mjpeg: Changeing bps to 8
Dec 16 14:36 : client: [0] opened from 127.0.0.1:52794
Dec 16 14:36 : client: [1] opened from 127.0.0.1:52796
Dec 16 14:51 : player: played "monstercat_podcast_109.m4a"
Dec 16 14:54 : player: played "Imagine_Dragons_-_I_Bet_My_Life.mp3"
Dec 16 14:58 : player: played "17- Imagine Dragons - Shots.mp3"
Dec 16 15:02 : player: played "tumblr_m8vat9arSn1rd45n3o1.mp3"
Dec 16 15:05 : ffmpeg/mov,mp4,m4a,3gp,3g2,mj2: stream 0, timescale not set
Dec 16 15:05 : ffmpeg/mjpeg: Changeing bps to 8
Dec 16 15:05 : ffmpeg/mjpeg: Changeing bps to 8
Dec 16 15:05 : player: played "imagine_dragons__radioactive.mp3"
Dec 16 16:10 : player: played "monstercat_podcast_100.m4a"
Dec 16 16:10 : ffmpeg/mov,mp4,m4a,3gp,3g2,mj2: stream 0, timescale not set
Dec 16 16:10 : ffmpeg/mjpeg: Changeing bps to 8
Dec 16 16:10 : ffmpeg/mjpeg: Changeing bps to 8
Dec 16 18:44 : ffmpeg/mov,mp4,m4a,3gp,3g2,mj2: stream 0, timescale not set
Dec 16 18:44 : ffmpeg/mjpeg: Changeing bps to 8
Dec 16 18:44 : ffmpeg/mjpeg: Changeing bps to 8
Dec 16 18:44 : player: played "monstercat_podcast_111.m4a"
Dec 16 20:11 : ffmpeg/mov,mp4,m4a,3gp,3g2,mj2: stream 0, timescale not set
Dec 16 20:11 : ffmpeg/mjpeg: Changeing bps to 8
Dec 16 20:11 : ffmpeg/mjpeg: Changeing bps to 8
Dec 16 20:12 : player: played "monstercat_podcast_114.m4a"
Dec 16 21:10 : player: played "monstercat_podcast_121.m4a"
Dec 16 21:13 : player: played "Imagine_Dragons_-_I_Bet_My_Life.mp3"
Dec 16 21:17 : player: played "17- Imagine Dragons - Shots.mp3"
Dec 16 21:18 : client: [1] closed
Dec 16 21:18 : player: played "tumblr_m8vat9arSn1rd45n3o1.mp3"
Dec 17 07:35 : client: [0] opened from 127.0.0.1:59854
Dec 17 07:35 : client: [1] opened from 127.0.0.1:59856
Dec 17 07:35 : player: played "tumblr_m8vat9arSn1rd45n3o1.mp3"
Dec 17 07:38 : player: played "Imagine_Dragons_-_I_Bet_My_Life.mp3"
Dec 17 07:42 : player: played "17- Imagine Dragons - Shots.mp3"
Dec 17 07:46 : player: played "tumblr_m8vat9arSn1rd45n3o1.mp3"
Dec 17 07:49 : ffmpeg/mov,mp4,m4a,3gp,3g2,mj2: stream 0, timescale not set
Dec 17 07:49 : ffmpeg/mjpeg: Changeing bps to 8
Dec 17 07:49 : ffmpeg/mjpeg: Changeing bps to 8
Dec 17 07:49 : player: played "imagine_dragons__radioactive.mp3"
Dec 17 08:50 : ffmpeg/mov,mp4,m4a,3gp,3g2,mj2: moov atom not found
Dec 17 08:50 : player: played "monstercat_podcast_100.m4a"
Dec 17 08:50 : ffmpeg/mov,mp4,m4a,3gp,3g2,mj2: stream 0, timescale not set
Dec 17 08:50 : ffmpeg/mjpeg: Changeing bps to 8
Dec 17 08:50 : ffmpeg/mjpeg: Changeing bps to 8
Dec 17 10:19 : ffmpeg/mov,mp4,m4a,3gp,3g2,mj2: stream 0, timescale not set
Dec 17 10:19 : ffmpeg/mjpeg: Changeing bps to 8
Dec 17 10:19 : ffmpeg/mjpeg: Changeing bps to 8
Dec 17 10:19 : player: played "monstercat_podcast_100.m4a"
Dec 17 12:01 : ffmpeg/mov,mp4,m4a,3gp,3g2,mj2: stream 0, timescale not set
Dec 17 12:01 : ffmpeg/mjpeg: Changeing bps to 8
Dec 17 12:01 : ffmpeg/mjpeg: Changeing bps to 8
Dec 17 12:02 : player: played "monstercat_podcast_108.m4a"
Dec 17 13:58 : ffmpeg/mov,mp4,m4a,3gp,3g2,mj2: stream 0, timescale not set
Dec 17 13:58 : ffmpeg/mjpeg: Changeing bps to 8
Dec 17 13:58 : player: played "monstercat_podcast_109.m4a"
Dec 17 14:03 : player: played "monstercat_podcast_110.m4a"
Dec 17 14:03 : ffmpeg/mov,mp4,m4a,3gp,3g2,mj2: stream 0, timescale not set
Dec 17 14:03 : ffmpeg/mjpeg: Changeing bps to 8
Dec 17 14:03 : ffmpeg/mjpeg: Changeing bps to 8
Dec 17 16:51 : ffmpeg/mov,mp4,m4a,3gp,3g2,mj2: stream 0, timescale not set
Dec 17 16:51 : ffmpeg/mjpeg: Changeing bps to 8
Dec 17 16:51 : ffmpeg/mjpeg: Changeing bps to 8
Dec 17 16:51 : player: played "monstercat_podcast_111.m4a"
Dec 17 19:09 : ffmpeg/mov,mp4,m4a,3gp,3g2,mj2: stream 0, timescale not set
Dec 17 19:09 : ffmpeg/mjpeg: Changeing bps to 8
Dec 17 19:09 : ffmpeg/mjpeg: Changeing bps to 8
Dec 17 19:10 : player: played "monstercat_podcast_114.m4a"
Dec 17 20:38 : client: [2] opened from 127.0.0.1:35926
Dec 17 20:39 : client: [0] closed
Dec 17 21:51 : player: played "monstercat_podcast_121.m4a"
Dec 17 21:55 : player: played "Imagine_Dragons_-_I_Bet_My_Life.mp3"
Dec 17 22:00 : player: played "17- Imagine Dragons - Shots.mp3"
Dec 17 22:04 : player: played "tumblr_m8vat9arSn1rd45n3o1.mp3"
Dec 17 22:16 : ffmpeg/mov,mp4,m4a,3gp,3g2,mj2: stream 0, timescale not set
Dec 17 22:16 : ffmpeg/mjpeg: Changeing bps to 8
Dec 17 22:16 : ffmpeg/mjpeg: Changeing bps to 8
Dec 17 22:16 : player: played "imagine_dragons__radioactive.mp3"
Dec 17 22:31 : client: [1] closed
Dec 17 22:31 : player: played "monstercat_podcast_100.m4a"
Dec 18 12:26 : client: [0] opened from 127.0.0.1:52320
Dec 18 12:26 : client: [1] opened from 127.0.0.1:52322
Dec 18 12:26 : ffmpeg/mov,mp4,m4a,3gp,3g2,mj2: stream 0, timescale not set
Dec 18 12:26 : ffmpeg/mjpeg: Changeing bps to 8
Dec 18 12:26 : ffmpeg/mjpeg: Changeing bps to 8
Dec 18 18:55 : player: played "monstercat_podcast_100.m4a"
Dec 18 18:55 : ffmpeg/mov,mp4,m4a,3gp,3g2,mj2: stream 0, timescale not set
Dec 18 18:55 : ffmpeg/mjpeg: Changeing bps to 8
Dec 18 18:55 : ffmpeg/mjpeg: Changeing bps to 8
Dec 18 19:55 : client: [2] opened from 127.0.0.1:54560
Dec 18 19:56 : client: [1] closed
Dec 19 00:17 : player: played "monstercat_podcast_131.m4a"
Dec 19 00:17 : client: [0] closed
Dec 19 00:18 : client: [2] closed
Dec 19 15:26 : client: [0] opened from 127.0.0.1:44954
Dec 19 15:26 : client: [1] opened from 127.0.0.1:44956
Dec 19 15:43 : ffmpeg/mov,mp4,m4a,3gp,3g2,mj2: stream 0, timescale not set
Dec 19 15:43 : ffmpeg/mjpeg: Changeing bps to 8
Dec 19 15:43 : ffmpeg/mjpeg: Changeing bps to 8
Dec 19 15:43 : update: added /monstercat_podcast_120.m4a
Dec 19 15:43 : ffmpeg/mov,mp4,m4a,3gp,3g2,mj2: moov atom not found
Dec 19 15:43 : ffmpeg/mov,mp4,m4a,3gp,3g2,mj2: stream 0, timescale not set
Dec 19 15:43 : ffmpeg/mjpeg: Changeing bps to 8
Dec 19 15:43 : ffmpeg/mjpeg: Changeing bps to 8
Dec 19 15:43 : update: added /monstercat_podcast_102.m4a
Dec 19 15:46 : player: played "Imagine_Dragons_-_I_Bet_My_Life.mp3"
Dec 19 17:09 : player: played "17- Imagine Dragons - Shots.mp3"
Dec 19 17:11 : ffmpeg/mov,mp4,m4a,3gp,3g2,mj2: stream 0, timescale not set
Dec 19 17:11 : ffmpeg/mjpeg: Changeing bps to 8
Dec 19 17:11 : ffmpeg/mjpeg: Changeing bps to 8
Dec 19 17:11 : update: added /monstercat_podcast_122.m4a
Dec 19 17:11 : update: updating /monstercat_podcast_120.m4a
Dec 19 17:11 : ffmpeg/mov,mp4,m4a,3gp,3g2,mj2: stream 0, timescale not set
Dec 19 17:11 : ffmpeg/mjpeg: Changeing bps to 8
Dec 19 17:11 : ffmpeg/mjpeg: Changeing bps to 8
Dec 19 17:11 : ffmpeg/mov,mp4,m4a,3gp,3g2,mj2: moov atom not found
Dec 19 17:11 : player: played "tumblr_m8vat9arSn1rd45n3o1.mp3"
Dec 19 17:11 : ffmpeg/mov,mp4,m4a,3gp,3g2,mj2: stream 0, timescale not set
Dec 19 17:11 : ffmpeg/mjpeg: Changeing bps to 8
Dec 19 17:11 : ffmpeg/mjpeg: Changeing bps to 8
Dec 19 18:36 : player: played "monstercat_podcast_122.m4a"
Dec 19 18:36 : ffmpeg/mov,mp4,m4a,3gp,3g2,mj2: stream 0, timescale not set
Dec 19 18:36 : ffmpeg/mjpeg: Changeing bps to 8
Dec 19 18:36 : ffmpeg/mjpeg: Changeing bps to 8
Dec 19 18:46 : player: played "monstercat_podcast_120.m4a"
Dec 19 18:46 : ffmpeg/mov,mp4,m4a,3gp,3g2,mj2: stream 0, timescale not set
Dec 19 18:46 : ffmpeg/mjpeg: Changeing bps to 8
Dec 19 18:46 : ffmpeg/mjpeg: Changeing bps to 8
Dec 19 20:21 : ffmpeg/mov,mp4,m4a,3gp,3g2,mj2: stream 0, timescale not set
Dec 19 20:21 : ffmpeg/mjpeg: Changeing bps to 8
Dec 19 20:21 : ffmpeg/mjpeg: Changeing bps to 8
Dec 19 20:22 : player: played "monstercat_podcast_131.m4a"
Dec 19 21:49 : ffmpeg/mov,mp4,m4a,3gp,3g2,mj2: stream 0, timescale not set
Dec 19 21:49 : ffmpeg/mjpeg: Changeing bps to 8
Dec 19 21:49 : ffmpeg/mjpeg: Changeing bps to 8
Dec 19 21:50 : player: played "monstercat_podcast_102.m4a"
Dec 19 22:01 : client: [0] closed
Dec 19 22:02 : client: [2] opened from 127.0.0.1:48602
Dec 19 22:03 : client: [1] closed
Dec 20 01:11 : client: [2] closed
Dec 20 01:11 : player: played "monstercat_podcast_122.m4a"
Dec 20 16:50 : ffmpeg/mov,mp4,m4a,3gp,3g2,mj2: stream 0, timescale not set
Dec 20 16:50 : ffmpeg/mjpeg: Changeing bps to 8
Dec 20 16:50 : ffmpeg/mjpeg: Changeing bps to 8
Dec 20 16:50 : client: [0] opened from 127.0.0.1:47960
Dec 20 16:50 : client: [1] opened from 127.0.0.1:47964
Dec 20 16:50 : player: played "monstercat_podcast_122.m4a"
