Configuring flexible-defaults-0.0.1.2...
Building flexible-defaults-0.0.1.2...
Preprocessing library flexible-defaults-0.0.1.2...
[1 of 3] Compiling Language.Haskell.TH.FlexibleDefaults.Solve ( src/Language/Haskell/TH/FlexibleDefaults/Solve.hs, dist/dist-sandbox-f3c8fa0e/build/Language/Haskell/TH/FlexibleDefaults/Solve.o )

src/Language/Haskell/TH/FlexibleDefaults/Solve.hs:13:1: Warning:
    The import of ‘Data.Monoid’ is redundant
      except perhaps to import instances from ‘Data.Monoid’
    To import instances alone, use: import Data.Monoid()
[2 of 3] Compiling Language.Haskell.TH.FlexibleDefaults.DSL ( src/Language/Haskell/TH/FlexibleDefaults/DSL.hs, dist/dist-sandbox-f3c8fa0e/build/Language/Haskell/TH/FlexibleDefaults/DSL.o )

src/Language/Haskell/TH/FlexibleDefaults/DSL.hs:4:1: Warning:
    The import of ‘Control.Applicative’ is redundant
      except perhaps to import instances from ‘Control.Applicative’
    To import instances alone, use: import Control.Applicative()

src/Language/Haskell/TH/FlexibleDefaults/DSL.hs:9:1: Warning:
    The import of ‘Data.Monoid’ is redundant
      except perhaps to import instances from ‘Data.Monoid’
    To import instances alone, use: import Data.Monoid()
[3 of 3] Compiling Language.Haskell.TH.FlexibleDefaults ( src/Language/Haskell/TH/FlexibleDefaults.hs, dist/dist-sandbox-f3c8fa0e/build/Language/Haskell/TH/FlexibleDefaults.o )

src/Language/Haskell/TH/FlexibleDefaults.hs:28:1: Warning:
    The import of ‘Data.Monoid’ is redundant
      except perhaps to import instances from ‘Data.Monoid’
    To import instances alone, use: import Data.Monoid()
In-place registering flexible-defaults-0.0.1.2...
Creating package registration file:
/tmp/pkgConf-flexible-defaults-0.0.189369871982275856.2
Installing library in
/home/wrongway4you/Git/dotfiles/.xmonad/.cabal-sandbox/lib/x86_64-linux-ghc-7.10.3/flexible-defaults-0.0.1.2-3ljj9oQPB02DmJooFJvPb2
Registering flexible-defaults-0.0.1.2...
