Configuring math-functions-0.2.1.0...
Building math-functions-0.2.1.0...
Preprocessing library math-functions-0.2.1.0...
[ 1 of 10] Compiling Numeric.Sum      ( Numeric/Sum.hs, dist/dist-sandbox-f3c8fa0e/build/Numeric/Sum.o )

Numeric/Sum.hs:59:1: Warning:
    The import of ‘Data.Vector.Generic.Mutable’ is redundant
      except perhaps to import instances from ‘Data.Vector.Generic.Mutable’
    To import instances alone, use: import Data.Vector.Generic.Mutable()
[ 2 of 10] Compiling Numeric.Polynomial.Chebyshev ( Numeric/Polynomial/Chebyshev.hs, dist/dist-sandbox-f3c8fa0e/build/Numeric/Polynomial/Chebyshev.o )
[ 3 of 10] Compiling Numeric.Polynomial ( Numeric/Polynomial.hs, dist/dist-sandbox-f3c8fa0e/build/Numeric/Polynomial.o )
[ 4 of 10] Compiling Numeric.MathFunctions.Comparison ( Numeric/MathFunctions/Comparison.hs, dist/dist-sandbox-f3c8fa0e/build/Numeric/MathFunctions/Comparison.o )
[ 5 of 10] Compiling Numeric.RootFinding ( Numeric/RootFinding.hs, dist/dist-sandbox-f3c8fa0e/build/Numeric/RootFinding.o )

Numeric/RootFinding.hs:22:1: Warning:
    The import of ‘Applicative’
    from module ‘Control.Applicative’ is redundant
[ 6 of 10] Compiling Numeric.MathFunctions.Constants ( Numeric/MathFunctions/Constants.hs, dist/dist-sandbox-f3c8fa0e/build/Numeric/MathFunctions/Constants.o )
[ 7 of 10] Compiling Numeric.Series   ( Numeric/Series.hs, dist/dist-sandbox-f3c8fa0e/build/Numeric/Series.o )
[ 8 of 10] Compiling Numeric.SpecFunctions.Internal ( Numeric/SpecFunctions/Internal.hs, dist/dist-sandbox-f3c8fa0e/build/Numeric/SpecFunctions/Internal.o )

Numeric/SpecFunctions/Internal.hs:15:1: Warning:
    The import of ‘Control.Applicative’ is redundant
      except perhaps to import instances from ‘Control.Applicative’
    To import instances alone, use: import Control.Applicative()

Numeric/SpecFunctions/Internal.hs:19:1: Warning:
    The import of ‘Data.Word’ is redundant
      except perhaps to import instances from ‘Data.Word’
    To import instances alone, use: import Data.Word()
[ 9 of 10] Compiling Numeric.SpecFunctions ( Numeric/SpecFunctions.hs, dist/dist-sandbox-f3c8fa0e/build/Numeric/SpecFunctions.o )
[10 of 10] Compiling Numeric.SpecFunctions.Extra ( Numeric/SpecFunctions/Extra.hs, dist/dist-sandbox-f3c8fa0e/build/Numeric/SpecFunctions/Extra.o )
In-place registering math-functions-0.2.1.0...
Creating package registration file:
/tmp/pkgConf-math-functions-0.2.111399014741626276121.0
Installing library in
/home/wrongway4you/Git/dotfiles/.xmonad/.cabal-sandbox/lib/x86_64-linux-ghc-7.10.3/math-functions-0.2.1.0-074qcB1cjJZ64PJqRFArJI
Registering math-functions-0.2.1.0...
