Configuring random-extras-0.19...
Building random-extras-0.19...
Preprocessing library random-extras-0.19...
[1 of 5] Compiling Data.Random.Show.Unsafe ( Data/Random/Show/Unsafe.hs, dist/dist-sandbox-f3c8fa0e/build/Data/Random/Show/Unsafe.o )

Data/Random/Show/Unsafe.hs:23:10: Warning:
    Orphan instance: instance Show a => Show (RVar a)
    To avoid this
        move the instance declaration to the module of the class or of the type, or
        wrap the type with a newtype and declare the instance on the new type.
[2 of 5] Compiling Data.Random.Extras ( Data/Random/Extras.hs, dist/dist-sandbox-f3c8fa0e/build/Data/Random/Extras.o )
[3 of 5] Compiling Data.Random.Dovetail ( Data/Random/Dovetail.hs, dist/dist-sandbox-f3c8fa0e/build/Data/Random/Dovetail.o )

Data/Random/Dovetail.hs:42:1: Warning:
    The import of ‘Control.Applicative’ is redundant
      except perhaps to import instances from ‘Control.Applicative’
    To import instances alone, use: import Control.Applicative()
[4 of 5] Compiling Data.Random.Distribution.Uniform.Exclusive ( Data/Random/Distribution/Uniform/Exclusive.hs, dist/dist-sandbox-f3c8fa0e/build/Data/Random/Distribution/Uniform/Exclusive.o )
[5 of 5] Compiling Data.Random.Shuffle.Weighted ( Data/Random/Shuffle/Weighted.hs, dist/dist-sandbox-f3c8fa0e/build/Data/Random/Shuffle/Weighted.o )

Data/Random/Shuffle/Weighted.hs:49:1: Warning:
    The import of ‘Control.Applicative’ is redundant
      except perhaps to import instances from ‘Control.Applicative’
    To import instances alone, use: import Control.Applicative()
In-place registering random-extras-0.19...
Creating package registration file:
/tmp/pkgConf-random-extras-05594129241884167637.19
Installing library in
/home/wrongway4you/Git/dotfiles/.xmonad/.cabal-sandbox/lib/x86_64-linux-ghc-7.10.3/random-extras-0.19-2AI7RrQLA0VCTQ3me8h1RZ
Registering random-extras-0.19...
