Configuring random-source-0.3.0.6...
Building random-source-0.3.0.6...
Preprocessing library random-source-0.3.0.6...
[ 1 of 11] Compiling Data.Random.Source.Internal.Prim ( src/Data/Random/Source/Internal/Prim.hs, dist/dist-sandbox-f3c8fa0e/build/Data/Random/Source/Internal/Prim.o )
[ 2 of 11] Compiling Data.Random.Internal.Words ( src/Data/Random/Internal/Words.hs, dist/dist-sandbox-f3c8fa0e/build/Data/Random/Internal/Words.o )
[ 3 of 11] Compiling Data.Random.Internal.Source ( src/Data/Random/Internal/Source.hs, dist/dist-sandbox-f3c8fa0e/build/Data/Random/Internal/Source.o )
[ 4 of 11] Compiling Data.Random.Source.Internal.TH ( src/Data/Random/Source/Internal/TH.hs, dist/dist-sandbox-f3c8fa0e/build/Data/Random/Source/Internal/TH.o )

src/Data/Random/Source/Internal/TH.hs:85:1: Warning:
    Defined but not used: ‘requireMethod’

src/Data/Random/Source/Internal/TH.hs:93:1: Warning:
    Defined but not used: ‘score’

src/Data/Random/Source/Internal/TH.hs:104:1: Warning:
    Defined but not used: ‘inline’

src/Data/Random/Source/Internal/TH.hs:107:1: Warning:
    Defined but not used: ‘noinline’

src/Data/Random/Source/Internal/TH.hs:110:1: Warning:
    Defined but not used: ‘replaceMethodName’
[ 5 of 11] Compiling Data.Random.Source.PureMT ( src/Data/Random/Source/PureMT.hs, dist/dist-sandbox-f3c8fa0e/build/Data/Random/Source/PureMT.o )
[ 6 of 11] Compiling Data.Random.Source.Std ( src/Data/Random/Source/Std.hs, dist/dist-sandbox-f3c8fa0e/build/Data/Random/Source/Std.o )
[ 7 of 11] Compiling Data.Random.Source.StdGen ( src/Data/Random/Source/StdGen.hs, dist/dist-sandbox-f3c8fa0e/build/Data/Random/Source/StdGen.o )

src/Data/Random/Source/StdGen.hs:90:1: Warning:
    RULE left-hand side too complicated to desugar
      Optimised lhs: let {
                       $dApplicative_aN4m :: Applicative m
                       [LclId, Str=DmdType]
                       $dApplicative_aN4m = GHC.Base.$p1Monad @ m $dMonad_aLNf } in
                     let {
                       $dFunctor_aN4n :: Functor m
                       [LclId, Str=DmdType]
                       $dFunctor_aN4n =
                         GHC.Base.$p1Applicative @ m $dApplicative_aN4m } in
                     getRandomPrimFromRandomGenState
                       @ StdGen
                       @ (StateT StdGen m)
                       @ a
                       $dRandomGen_aLNj
                       (Control.Monad.State.Class.$fMonadStatesStateT0
                          @ StdGen
                          @ m
                          (transformers-0.4.3.0:Control.Monad.Trans.State.Lazy.$fMonadStateT
                             @ StdGen
                             @ m
                             (transformers-0.4.3.0:Control.Monad.Trans.State.Lazy.$fApplicativeStateT
                                @ StdGen
                                @ m
                                (transformers-0.4.3.0:Control.Monad.Trans.State.Lazy.$fFunctorStateT
                                   @ StdGen @ m $dFunctor_aN4n)
                                $dFunctor_aN4n
                                $dMonad_aLNf)
                             $dMonad_aLNf)
                          $dMonad_aLNf)
      Orig lhs: let {
                  $dApplicative_aN4m :: Applicative m
                  [LclId, Str=DmdType]
                  $dApplicative_aN4m = GHC.Base.$p1Monad @ m $dMonad_aLNf } in
                let {
                  $dFunctor_aN4n :: Functor m
                  [LclId, Str=DmdType]
                  $dFunctor_aN4n =
                    GHC.Base.$p1Applicative @ m $dApplicative_aN4m } in
                let {
                  $dFunctor_aN4q :: Functor (StateT StdGen m)
                  [LclId, Str=DmdType]
                  $dFunctor_aN4q =
                    transformers-0.4.3.0:Control.Monad.Trans.State.Lazy.$fFunctorStateT
                      @ StdGen @ m $dFunctor_aN4n } in
                let {
                  $dApplicative_aN4p :: Applicative (StateT StdGen m)
                  [LclId, Str=DmdType]
                  $dApplicative_aN4p =
                    transformers-0.4.3.0:Control.Monad.Trans.State.Lazy.$fApplicativeStateT
                      @ StdGen @ m $dFunctor_aN4q $dFunctor_aN4n $dMonad_aLNf } in
                let {
                  $dMonad_aN4o :: Monad (StateT StdGen m)
                  [LclId, Str=DmdType]
                  $dMonad_aN4o =
                    transformers-0.4.3.0:Control.Monad.Trans.State.Lazy.$fMonadStateT
                      @ StdGen @ m $dApplicative_aN4p $dMonad_aLNf } in
                let {
                  $dMonadState_aLNk :: MonadState StdGen (StateT StdGen m)
                  [LclId, Str=DmdType]
                  $dMonadState_aLNk =
                    Control.Monad.State.Class.$fMonadStatesStateT0
                      @ StdGen @ m $dMonad_aN4o $dMonad_aLNf } in
                let {
                  $dRandomGen_aLNj :: RandomGen StdGen
                  [LclId, Str=DmdType]
                  $dRandomGen_aLNj = System.Random.$fRandomGenStdGen } in
                getRandomPrimFromRandomGenState
                  @ StdGen @ (StateT StdGen m) @ a $dRandomGen_aLNj $dMonadState_aLNk
[ 8 of 11] Compiling Data.Random.Source ( src/Data/Random/Source.hs, dist/dist-sandbox-f3c8fa0e/build/Data/Random/Source.o )
[ 9 of 11] Compiling Data.Random.Source.DevRandom ( src/Data/Random/Source/DevRandom.hs, dist/dist-sandbox-f3c8fa0e/build/Data/Random/Source/DevRandom.o )
[10 of 11] Compiling Data.Random.Source.IO ( src/Data/Random/Source/IO.hs, dist/dist-sandbox-f3c8fa0e/build/Data/Random/Source/IO.o )
[11 of 11] Compiling Data.Random.Source.MWC ( src/Data/Random/Source/MWC.hs, dist/dist-sandbox-f3c8fa0e/build/Data/Random/Source/MWC.o )
In-place registering random-source-0.3.0.6...
Creating package registration file:
/tmp/pkgConf-random-source-0.3.01592594701359512183.6
Installing library in
/home/wrongway4you/Git/dotfiles/.xmonad/.cabal-sandbox/lib/x86_64-linux-ghc-7.10.3/random-source-0.3.0.6-6yBu9t0aqVEBZQGQ1Dybry
Registering random-source-0.3.0.6...
