Configuring safecopy-0.9.3.1...
Building safecopy-0.9.3.1...
Preprocessing library safecopy-0.9.3.1...
[1 of 5] Compiling Data.SafeCopy.SafeCopy ( src/Data/SafeCopy/SafeCopy.hs, dist/dist-sandbox-f3c8fa0e/build/Data/SafeCopy/SafeCopy.o )
[2 of 5] Compiling Data.SafeCopy.Derive ( src/Data/SafeCopy/Derive.hs, dist/dist-sandbox-f3c8fa0e/build/Data/SafeCopy/Derive.o )
[3 of 5] Compiling Data.SafeCopy.Internal ( src/Data/SafeCopy/Internal.hs, dist/dist-sandbox-f3c8fa0e/build/Data/SafeCopy/Internal.o )
[4 of 5] Compiling Data.SafeCopy.Instances ( src/Data/SafeCopy/Instances.hs, dist/dist-sandbox-f3c8fa0e/build/Data/SafeCopy/Instances.o )

src/Data/SafeCopy/Instances.hs:434:15: Warning:
    In the use of type constructor or class ‘Typeable1’
    (imported from Data.Typeable, but defined in Data.Typeable.Internal):
    Deprecated: "renamed to 'Typeable'"

src/Data/SafeCopy/Instances.hs:437:15: Warning:
    In the use of type constructor or class ‘Typeable2’
    (imported from Data.Typeable, but defined in Data.Typeable.Internal):
    Deprecated: "renamed to 'Typeable'"
[5 of 5] Compiling Data.SafeCopy    ( src/Data/SafeCopy.hs, dist/dist-sandbox-f3c8fa0e/build/Data/SafeCopy.o )
In-place registering safecopy-0.9.3.1...
Creating package registration file:
/tmp/pkgConf-safecopy-0.9.39331101976939507.1
Installing library in
/home/wrongway4you/Git/dotfiles/.xmonad/.cabal-sandbox/lib/x86_64-linux-ghc-7.10.3/safecopy-0.9.3.1-5U9WIhLbW2e3WBsFIZnSyW
Registering safecopy-0.9.3.1...
